02:32:42 | Device: cuda
02:32:42 | Config: pred_min=90, N=5, k=4, hidden=128
02:32:42 | Training: epochs=300, lr=0.001, batch=64, patience=50
02:32:42 | ============================================================
02:32:42 | [1/6] Loading cache...
02:33:05 | Cache loaded: 2806 matches
02:33:05 | [2/6] Processing matches (temporal windows)...
02:45:20 | Processed 2806/2806 matches (0 failed)
02:45:20 | Class distribution: Home=1195 (42.6%) Away=924 (32.9%) Draw=687 (24.5%)
02:45:20 | [3/6] Splitting data (stratified, BEFORE scaling)...
02:45:20 | Split: Train=1683 Val=561 Test=562
02:45:20 | [4/6] Fitting scalers on TRAINING data only...
02:45:20 | Scalers fitted: cum_node, int_node, cum_ingame, int_ingame
02:45:25 | Scalers applied to train/val/test sets
02:45:25 | [5/6] Creating DataLoaders...
02:45:25 | [6/6] Creating model...
02:45:25 | Model parameters: 262,019
02:45:25 | Class weights: [0.7824267745018005, 1.012635350227356, 1.3616504669189453]
02:45:25 | ============================================================
02:45:25 | TRAINING START
02:45:25 | ============================================================
02:45:29 | Epoch    1 | Loss: 1.1851 | Train: 0.6952 | Val: 0.6667 | Best: 0.6667 | LR: 0.000990 | Pred: H=253 A=241 D=67
02:46:00 | Epoch   10 | Loss: 0.4859 | Train: 0.8580 | Val: 0.7772 | Best: 0.7790 | LR: 0.000904 | Pred: H=223 A=188 D=150
02:46:34 | Epoch   20 | Loss: 0.4423 | Train: 0.8734 | Val: 0.7807 | Best: 0.7825 | LR: 0.000818 | Pred: H=223 A=176 D=162
02:47:08 | Epoch   30 | Loss: 0.3958 | Train: 0.8758 | Val: 0.7718 | Best: 0.7825 | LR: 0.000740 | Pred: H=242 A=150 D=169
02:47:42 | Epoch   40 | Loss: 0.3873 | Train: 0.8960 | Val: 0.7807 | Best: 0.7825 | LR: 0.000669 | Pred: H=239 A=180 D=142
02:48:17 | Epoch   50 | Loss: 0.3632 | Train: 0.9002 | Val: 0.7683 | Best: 0.7825 | LR: 0.000605 | Pred: H=231 A=177 D=153
02:48:47 | Epoch   60 | Loss: 0.3571 | Train: 0.8919 | Val: 0.7433 | Best: 0.7825 | LR: 0.000547 | Pred: H=214 A=166 D=181
02:49:09 | Early stopping at epoch 68
02:49:09 | ============================================================
02:49:09 | FINAL EVALUATION
02:49:09 | ============================================================
02:49:10 | Test Accuracy: 0.7972
02:49:10 | Best Val Accuracy: 0.7825
02:49:10 |   Home Win: 192/239 = 80.3%
02:49:10 |   Away Win: 147/185 = 79.5%
02:49:10 |   Draw: 109/138 = 79.0%
02:49:10 | Training time: 16.46 minutes
02:49:10 | Model saved to models/temporal_predictor_k4_N5_90min.pt
02:49:10 | Scalers saved to models/scalers_k4_N5_90min.pkl
02:49:11 | Test data saved to models/test_data_k4_N5_90min.pt
02:49:11 | Config saved to models/config_k4_N5_90min.pkl
