19:14:13 | Device: cuda
19:14:13 | Config: pred_min=45, N=10, k=3, hidden=128
19:14:13 | Training: epochs=300, lr=0.001, batch=64, patience=50
19:14:13 | ============================================================
19:14:13 | [1/6] Loading cache...
19:14:45 | Cache loaded: 2806 matches
19:14:45 | [2/6] Processing matches (temporal windows)...
19:25:12 | Processed 2806/2806 matches (0 failed)
19:25:12 | Class distribution: Home=1195 (42.6%) Away=924 (32.9%) Draw=687 (24.5%)
19:25:12 | [3/6] Splitting data (stratified, BEFORE scaling)...
19:25:12 | Split: Train=1683 Val=561 Test=562
19:25:12 | [4/6] Fitting scalers on TRAINING data only...
19:25:13 | Scalers fitted: cum_node, int_node, cum_ingame, int_ingame
19:25:16 | Scalers applied to train/val/test sets
19:25:16 | [5/6] Creating DataLoaders...
19:25:16 | [6/6] Creating model...
19:25:16 | Model parameters: 223,619
19:25:16 | Class weights: [0.7824267745018005, 1.012635350227356, 1.3616504669189453]
19:25:16 | ============================================================
19:25:16 | TRAINING START
19:25:16 | ============================================================
19:25:19 | Epoch    1 | Loss: 1.1698 | Train: 0.6043 | Val: 0.5437 | Best: 0.5437 | LR: 0.000990 | Pred: H=297 A=246 D=18
19:25:40 | Epoch   10 | Loss: 0.5093 | Train: 0.8366 | Val: 0.7611 | Best: 0.7683 | LR: 0.000904 | Pred: H=225 A=170 D=166
19:26:04 | Epoch   20 | Loss: 0.4619 | Train: 0.8491 | Val: 0.7487 | Best: 0.7683 | LR: 0.000818 | Pred: H=224 A=174 D=163
19:26:27 | Epoch   30 | Loss: 0.4573 | Train: 0.8604 | Val: 0.7433 | Best: 0.7683 | LR: 0.000740 | Pred: H=221 A=171 D=169
19:26:51 | Epoch   40 | Loss: 0.4229 | Train: 0.8663 | Val: 0.7398 | Best: 0.7683 | LR: 0.000669 | Pred: H=235 A=179 D=147
19:27:14 | Epoch   50 | Loss: 0.4176 | Train: 0.8663 | Val: 0.7344 | Best: 0.7683 | LR: 0.000605 | Pred: H=218 A=181 D=162
19:27:25 | Early stopping at epoch 54
19:27:25 | ============================================================
19:27:25 | FINAL EVALUATION
19:27:25 | ============================================================
19:27:25 | Test Accuracy: 0.7562
19:27:25 | Best Val Accuracy: 0.7683
19:27:25 |   Home Win: 193/239 = 80.8%
19:27:25 |   Away Win: 146/185 = 78.9%
19:27:25 |   Draw: 86/138 = 62.3%
19:27:25 | Training time: 13.20 minutes
19:27:25 | Model saved to models/temporal_predictor_k3_N10_45min.pt
19:27:25 | Scalers saved to models/scalers_k3_N10_45min.pkl
19:27:26 | Test data saved to models/test_data_k3_N10_45min.pt
19:27:26 | Config saved to models/config_k3_N10_45min.pkl
