01:05:31 | Device: cuda
01:05:31 | Config: pred_min=75, N=5, k=3, hidden=128
01:05:31 | Training: epochs=300, lr=0.001, batch=64, patience=50
01:05:31 | ============================================================
01:05:31 | [1/6] Loading cache...
01:05:52 | Cache loaded: 2806 matches
01:05:52 | [2/6] Processing matches (temporal windows)...
01:16:02 | Processed 2806/2806 matches (0 failed)
01:16:02 | Class distribution: Home=1195 (42.6%) Away=924 (32.9%) Draw=687 (24.5%)
01:16:02 | [3/6] Splitting data (stratified, BEFORE scaling)...
01:16:02 | Split: Train=1683 Val=561 Test=562
01:16:02 | [4/6] Fitting scalers on TRAINING data only...
01:16:02 | Scalers fitted: cum_node, int_node, cum_ingame, int_ingame
01:16:06 | Scalers applied to train/val/test sets
01:16:06 | [5/6] Creating DataLoaders...
01:16:06 | [6/6] Creating model...
01:16:06 | Model parameters: 223,619
01:16:06 | Class weights: [0.7824267745018005, 1.012635350227356, 1.3616504669189453]
01:16:06 | ============================================================
01:16:06 | TRAINING START
01:16:06 | ============================================================
01:16:10 | Epoch    1 | Loss: 1.1638 | Train: 0.3916 | Val: 0.4278 | Best: 0.4278 | LR: 0.000990 | Pred: H=10 A=243 D=308
01:16:31 | Epoch   10 | Loss: 0.5263 | Train: 0.8313 | Val: 0.7772 | Best: 0.7861 | LR: 0.000904 | Pred: H=226 A=160 D=175
01:16:55 | Epoch   20 | Loss: 0.4641 | Train: 0.8455 | Val: 0.7611 | Best: 0.7861 | LR: 0.000818 | Pred: H=208 A=172 D=181
01:17:19 | Epoch   30 | Loss: 0.4417 | Train: 0.8562 | Val: 0.7647 | Best: 0.7861 | LR: 0.000740 | Pred: H=221 A=186 D=154
01:17:43 | Epoch   40 | Loss: 0.4201 | Train: 0.8675 | Val: 0.7647 | Best: 0.7861 | LR: 0.000669 | Pred: H=227 A=194 D=140
01:18:07 | Epoch   50 | Loss: 0.4061 | Train: 0.8586 | Val: 0.7415 | Best: 0.7861 | LR: 0.000605 | Pred: H=193 A=194 D=174
01:18:24 | Early stopping at epoch 57
01:18:24 | ============================================================
01:18:24 | FINAL EVALUATION
01:18:24 | ============================================================
01:18:24 | Test Accuracy: 0.7740
01:18:24 | Best Val Accuracy: 0.7861
01:18:24 |   Home Win: 199/239 = 83.3%
01:18:24 |   Away Win: 143/185 = 77.3%
01:18:24 |   Draw: 93/138 = 67.4%
01:18:24 | Training time: 12.89 minutes
01:18:24 | Model saved to models/temporal_predictor_k3_N5_75min.pt
01:18:24 | Scalers saved to models/scalers_k3_N5_75min.pkl
01:18:25 | Test data saved to models/test_data_k3_N5_75min.pt
01:18:25 | Config saved to models/config_k3_N5_75min.pkl
