17:36:16 | Device: cuda
17:36:16 | Config: pred_min=90, N=10, k=4, hidden=128
17:36:16 | Training: epochs=300, lr=0.001, batch=64, patience=50
17:36:16 | ============================================================
17:36:16 | [1/6] Loading cache...
17:36:53 | Cache loaded: 2806 matches
17:36:53 | [2/6] Processing matches (temporal windows)...
17:50:38 | Processed 2806/2806 matches (0 failed)
17:50:38 | Class distribution: Home=1195 (42.6%) Away=924 (32.9%) Draw=687 (24.5%)
17:50:38 | [3/6] Splitting data (stratified, BEFORE scaling)...
17:50:38 | Split: Train=1683 Val=561 Test=562
17:50:38 | [4/6] Fitting scalers on TRAINING data only...
17:50:38 | Scalers fitted: cum_node, int_node, cum_ingame, int_ingame
17:50:43 | Scalers applied to train/val/test sets
17:50:43 | [5/6] Creating DataLoaders...
17:50:43 | [6/6] Creating model...
17:50:43 | Model parameters: 262,019
17:50:43 | Class weights: [0.7824267745018005, 1.012635350227356, 1.3616504669189453]
17:50:43 | ============================================================
17:50:43 | TRAINING START
17:50:43 | ============================================================
17:50:47 | Epoch    1 | Loss: 1.1393 | Train: 0.5597 | Val: 0.5205 | Best: 0.5205 | LR: 0.000990 | Pred: H=357 A=48 D=156
17:51:23 | Epoch   10 | Loss: 0.4589 | Train: 0.8538 | Val: 0.7825 | Best: 0.7950 | LR: 0.000904 | Pred: H=215 A=178 D=168
17:52:00 | Epoch   20 | Loss: 0.4097 | Train: 0.8693 | Val: 0.7772 | Best: 0.7950 | LR: 0.000818 | Pred: H=217 A=184 D=160
17:52:35 | Epoch   30 | Loss: 0.4169 | Train: 0.8586 | Val: 0.7647 | Best: 0.7950 | LR: 0.000740 | Pred: H=228 A=137 D=196
17:53:05 | Epoch   40 | Loss: 0.3754 | Train: 0.8788 | Val: 0.7754 | Best: 0.7950 | LR: 0.000669 | Pred: H=219 A=165 D=177
17:53:36 | Epoch   50 | Loss: 0.3541 | Train: 0.8865 | Val: 0.7861 | Best: 0.7950 | LR: 0.000605 | Pred: H=243 A=160 D=158
17:53:55 | Early stopping at epoch 56
17:53:55 | ============================================================
17:53:55 | FINAL EVALUATION
17:53:55 | ============================================================
17:53:55 | Test Accuracy: 0.7954
17:53:55 | Best Val Accuracy: 0.7950
17:53:56 |   Home Win: 197/239 = 82.4%
17:53:56 |   Away Win: 160/185 = 86.5%
17:53:56 |   Draw: 90/138 = 65.2%
17:53:56 | Training time: 17.67 minutes
17:53:56 | Model saved to models/temporal_predictor_k4_N10_90min.pt
17:53:56 | Scalers saved to models/scalers_k4_N10_90min.pkl
17:53:56 | Test data saved to models/test_data_k4_N10_90min.pt
17:53:56 | Config saved to models/config_k4_N10_90min.pkl
