17:37:51 | Device: cuda
17:37:51 | Config: pred_min=75, N=10, k=2, hidden=128
17:37:51 | Training: epochs=300, lr=0.001, batch=64, patience=50
17:37:51 | ============================================================
17:37:51 | [1/6] Loading cache...
17:38:31 | Cache loaded: 2806 matches
17:38:31 | [2/6] Processing matches (temporal windows)...
17:46:57 | Processed 2806/2806 matches (0 failed)
17:46:57 | Class distribution: Home=1195 (42.6%) Away=924 (32.9%) Draw=687 (24.5%)
17:46:57 | [3/6] Splitting data (stratified, BEFORE scaling)...
17:46:57 | Split: Train=1683 Val=561 Test=562
17:46:57 | [4/6] Fitting scalers on TRAINING data only...
17:46:57 | Scalers fitted: cum_node, int_node, cum_ingame, int_ingame
17:46:59 | Scalers applied to train/val/test sets
17:46:59 | [5/6] Creating DataLoaders...
17:46:59 | [6/6] Creating model...
17:47:00 | Model parameters: 185,219
17:47:00 | Class weights: [0.7824267745018005, 1.012635350227356, 1.3616504669189453]
17:47:00 | ============================================================
17:47:00 | TRAINING START
17:47:00 | ============================================================
17:47:03 | Epoch    1 | Loss: 1.1173 | Train: 0.4938 | Val: 0.4724 | Best: 0.4724 | LR: 0.000990 | Pred: H=88 A=469 D=4
17:47:20 | Epoch   10 | Loss: 0.5034 | Train: 0.8408 | Val: 0.7825 | Best: 0.7843 | LR: 0.000904 | Pred: H=246 A=177 D=138
17:47:41 | Epoch   20 | Loss: 0.4741 | Train: 0.8348 | Val: 0.7701 | Best: 0.7843 | LR: 0.000818 | Pred: H=211 A=183 D=167
17:48:04 | Epoch   30 | Loss: 0.4607 | Train: 0.8443 | Val: 0.7718 | Best: 0.7932 | LR: 0.000740 | Pred: H=225 A=161 D=175
17:48:28 | Epoch   40 | Loss: 0.4395 | Train: 0.8384 | Val: 0.7504 | Best: 0.7932 | LR: 0.000669 | Pred: H=211 A=149 D=201
17:48:52 | Epoch   50 | Loss: 0.4221 | Train: 0.8532 | Val: 0.7683 | Best: 0.7932 | LR: 0.000605 | Pred: H=209 A=172 D=180
17:49:16 | Epoch   60 | Loss: 0.4155 | Train: 0.8604 | Val: 0.7647 | Best: 0.7932 | LR: 0.000547 | Pred: H=220 A=169 D=172
17:49:40 | Epoch   70 | Loss: 0.4106 | Train: 0.8550 | Val: 0.7576 | Best: 0.7932 | LR: 0.000495 | Pred: H=203 A=176 D=182
17:49:49 | Early stopping at epoch 74
17:49:49 | ============================================================
17:49:49 | FINAL EVALUATION
17:49:49 | ============================================================
17:49:49 | Test Accuracy: 0.8096
17:49:49 | Best Val Accuracy: 0.7932
17:49:50 |   Home Win: 201/239 = 84.1%
17:49:50 |   Away Win: 158/185 = 85.4%
17:49:50 |   Draw: 96/138 = 69.6%
17:49:50 | Training time: 11.97 minutes
17:49:50 | Model saved to models/temporal_predictor_k2_N10_75min.pt
17:49:50 | Scalers saved to models/scalers_k2_N10_75min.pkl
17:49:50 | Test data saved to models/test_data_k2_N10_75min.pt
17:49:50 | Config saved to models/config_k2_N10_75min.pkl
