23:26:55 | Device: cuda
23:26:55 | Config: pred_min=45, N=5, k=1, hidden=128
23:26:55 | Training: epochs=300, lr=0.001, batch=64, patience=50
23:26:55 | ============================================================
23:26:55 | [1/6] Loading cache...
23:27:11 | Cache loaded: 2806 matches
23:27:11 | [2/6] Processing matches (temporal windows)...
23:32:07 | Processed 2806/2806 matches (0 failed)
23:32:07 | Class distribution: Home=1195 (42.6%) Away=924 (32.9%) Draw=687 (24.5%)
23:32:07 | [3/6] Splitting data (stratified, BEFORE scaling)...
23:32:07 | Split: Train=1683 Val=561 Test=562
23:32:07 | [4/6] Fitting scalers on TRAINING data only...
23:32:07 | Scalers fitted: cum_node, int_node, cum_ingame, int_ingame
23:32:09 | Scalers applied to train/val/test sets
23:32:09 | [5/6] Creating DataLoaders...
23:32:09 | [6/6] Creating model...
23:32:09 | Model parameters: 146,819
23:32:09 | Class weights: [0.7824267745018005, 1.012635350227356, 1.3616504669189453]
23:32:09 | ============================================================
23:32:09 | TRAINING START
23:32:09 | ============================================================
23:32:11 | Epoch    1 | Loss: 1.1467 | Train: 0.6126 | Val: 0.5918 | Best: 0.5918 | LR: 0.000990 | Pred: H=241 A=263 D=57
23:32:22 | Epoch   10 | Loss: 0.5376 | Train: 0.8229 | Val: 0.7647 | Best: 0.7736 | LR: 0.000904 | Pred: H=235 A=183 D=143
23:32:33 | Epoch   20 | Loss: 0.4907 | Train: 0.8134 | Val: 0.7344 | Best: 0.7736 | LR: 0.000818 | Pred: H=214 A=151 D=196
23:32:45 | Epoch   30 | Loss: 0.4702 | Train: 0.8330 | Val: 0.7451 | Best: 0.7736 | LR: 0.000740 | Pred: H=240 A=167 D=154
23:32:57 | Epoch   40 | Loss: 0.4667 | Train: 0.8271 | Val: 0.7344 | Best: 0.7736 | LR: 0.000669 | Pred: H=214 A=169 D=178
23:33:08 | Epoch   50 | Loss: 0.4576 | Train: 0.8342 | Val: 0.7451 | Best: 0.7736 | LR: 0.000605 | Pred: H=217 A=199 D=145
23:33:12 | Early stopping at epoch 53
23:33:12 | ============================================================
23:33:12 | FINAL EVALUATION
23:33:12 | ============================================================
23:33:12 | Test Accuracy: 0.7580
23:33:12 | Best Val Accuracy: 0.7736
23:33:12 |   Home Win: 204/239 = 85.4%
23:33:12 |   Away Win: 150/185 = 81.1%
23:33:12 |   Draw: 72/138 = 52.2%
23:33:12 | Training time: 6.28 minutes
23:33:12 | Model saved to models/temporal_predictor_k1_N5_45min.pt
23:33:12 | Scalers saved to models/scalers_k1_N5_45min.pkl
23:33:12 | Test data saved to models/test_data_k1_N5_45min.pt
23:33:12 | Config saved to models/config_k1_N5_45min.pkl
