00:00:32 | Device: cuda
00:00:32 | Config: pred_min=45, N=5, k=2, hidden=128
00:00:32 | Training: epochs=300, lr=0.001, batch=64, patience=50
00:00:32 | ============================================================
00:00:32 | [1/6] Loading cache...
00:00:48 | Cache loaded: 2806 matches
00:00:48 | [2/6] Processing matches (temporal windows)...
00:07:54 | Processed 2806/2806 matches (0 failed)
00:07:54 | Class distribution: Home=1195 (42.6%) Away=924 (32.9%) Draw=687 (24.5%)
00:07:54 | [3/6] Splitting data (stratified, BEFORE scaling)...
00:07:54 | Split: Train=1683 Val=561 Test=562
00:07:54 | [4/6] Fitting scalers on TRAINING data only...
00:07:54 | Scalers fitted: cum_node, int_node, cum_ingame, int_ingame
00:07:56 | Scalers applied to train/val/test sets
00:07:56 | [5/6] Creating DataLoaders...
00:07:56 | [6/6] Creating model...
00:07:57 | Model parameters: 185,219
00:07:57 | Class weights: [0.7824267745018005, 1.012635350227356, 1.3616504669189453]
00:07:57 | ============================================================
00:07:57 | TRAINING START
00:07:57 | ============================================================
00:07:59 | Epoch    1 | Loss: 1.1310 | Train: 0.5247 | Val: 0.4742 | Best: 0.4742 | LR: 0.000990 | Pred: H=377 A=14 D=170
00:08:15 | Epoch   10 | Loss: 0.5215 | Train: 0.8099 | Val: 0.7398 | Best: 0.7701 | LR: 0.000904 | Pred: H=212 A=152 D=197
00:08:32 | Epoch   20 | Loss: 0.4835 | Train: 0.8378 | Val: 0.7415 | Best: 0.7736 | LR: 0.000818 | Pred: H=247 A=168 D=146
00:08:49 | Epoch   30 | Loss: 0.4498 | Train: 0.8170 | Val: 0.7023 | Best: 0.7736 | LR: 0.000740 | Pred: H=192 A=162 D=207
00:09:06 | Epoch   40 | Loss: 0.4555 | Train: 0.8390 | Val: 0.7237 | Best: 0.7736 | LR: 0.000669 | Pred: H=216 A=166 D=179
00:09:23 | Epoch   50 | Loss: 0.4450 | Train: 0.8568 | Val: 0.7237 | Best: 0.7736 | LR: 0.000605 | Pred: H=238 A=170 D=153
00:09:40 | Epoch   60 | Loss: 0.4282 | Train: 0.8449 | Val: 0.7201 | Best: 0.7736 | LR: 0.000547 | Pred: H=209 A=191 D=161
00:09:46 | Early stopping at epoch 64
00:09:46 | ============================================================
00:09:46 | FINAL EVALUATION
00:09:46 | ============================================================
00:09:47 | Test Accuracy: 0.7598
00:09:47 | Best Val Accuracy: 0.7736
00:09:47 |   Home Win: 191/239 = 79.9%
00:09:47 |   Away Win: 147/185 = 79.5%
00:09:47 |   Draw: 89/138 = 64.5%
00:09:47 | Training time: 9.25 minutes
00:09:47 | Model saved to models/temporal_predictor_k2_N5_45min.pt
00:09:47 | Scalers saved to models/scalers_k2_N5_45min.pkl
00:09:47 | Test data saved to models/test_data_k2_N5_45min.pt
00:09:47 | Config saved to models/config_k2_N5_45min.pkl
