05:26:09 | Device: cuda
05:26:09 | Config: pred_min=75, k=3, intervals=Fixed N=10, hidden=128
05:26:09 | Training: epochs=300, lr=0.001, batch=64, patience=50
05:26:09 | ============================================================
05:26:09 | [1/6] Loading cache...
05:27:01 | Cache loaded: 2806 matches
05:27:01 | [2/6] Processing matches (temporal windows)...
05:38:48 | Processed 2806/2806 matches (0 failed)
05:38:48 | Class distribution: Home=1195 (42.6%) Away=924 (32.9%) Draw=687 (24.5%)
05:38:48 | [3/6] Splitting data (stratified, BEFORE scaling)...
05:38:48 | Split: Train=1683 Val=561 Test=562
05:38:48 | [4/6] Fitting scalers on TRAINING data only...
05:38:48 | Scalers fitted: cum_node, int_node, cum_ingame, int_ingame
05:38:52 | Scalers applied to train/val/test sets
05:38:52 | [5/6] Creating DataLoaders...
05:38:52 | [6/6] Creating model...
05:38:52 | Model parameters: 223,619
05:38:52 | Class weights: [0.7824267745018005, 1.012635350227356, 1.3616504669189453]
05:38:52 | ============================================================
05:38:52 | TRAINING START
05:38:52 | ============================================================
05:38:55 | Epoch    1 | Loss: 1.1462 | Train: 0.4902 | Val: 0.4706 | Best: 0.4706 | LR: 0.000990 | Pred: H=99 A=67 D=395
05:39:24 | Epoch   10 | Loss: 0.4960 | Train: 0.8318 | Val: 0.7665 | Best: 0.7790 | LR: 0.000904 | Pred: H=212 A=200 D=149
05:39:53 | Epoch   20 | Loss: 0.4581 | Train: 0.8467 | Val: 0.7754 | Best: 0.7825 | LR: 0.000818 | Pred: H=214 A=192 D=155
05:40:19 | Epoch   30 | Loss: 0.4483 | Train: 0.8633 | Val: 0.7825 | Best: 0.7879 | LR: 0.000740 | Pred: H=227 A=178 D=156
05:40:45 | Epoch   40 | Loss: 0.4203 | Train: 0.8467 | Val: 0.7576 | Best: 0.7914 | LR: 0.000669 | Pred: H=198 A=166 D=197
05:41:10 | Epoch   50 | Loss: 0.4156 | Train: 0.8372 | Val: 0.7344 | Best: 0.7950 | LR: 0.000605 | Pred: H=188 A=159 D=214
05:41:36 | Epoch   60 | Loss: 0.4067 | Train: 0.8711 | Val: 0.7647 | Best: 0.7950 | LR: 0.000547 | Pred: H=208 A=187 D=166
05:42:02 | Epoch   70 | Loss: 0.3826 | Train: 0.8681 | Val: 0.7611 | Best: 0.7950 | LR: 0.000495 | Pred: H=206 A=177 D=178
05:42:28 | Epoch   80 | Loss: 0.3678 | Train: 0.8717 | Val: 0.7647 | Best: 0.7986 | LR: 0.000448 | Pred: H=204 A=197 D=160
05:42:54 | Epoch   90 | Loss: 0.3781 | Train: 0.8728 | Val: 0.7611 | Best: 0.7986 | LR: 0.000405 | Pred: H=204 A=171 D=186
05:43:20 | Epoch  100 | Loss: 0.3741 | Train: 0.8746 | Val: 0.7683 | Best: 0.7986 | LR: 0.000366 | Pred: H=212 A=175 D=174
05:43:45 | Epoch  110 | Loss: 0.3686 | Train: 0.8812 | Val: 0.7629 | Best: 0.7986 | LR: 0.000331 | Pred: H=207 A=172 D=182
05:44:12 | Epoch  120 | Loss: 0.3593 | Train: 0.8788 | Val: 0.7647 | Best: 0.7986 | LR: 0.000299 | Pred: H=216 A=169 D=176
05:44:17 | Early stopping at epoch 122
05:44:17 | ============================================================
05:44:17 | FINAL EVALUATION
05:44:17 | ============================================================
05:44:18 | Test Accuracy: 0.7794
05:44:18 | Best Val Accuracy: 0.7986
05:44:18 |   Home Win: 199/239 = 83.3%
05:44:18 |   Away Win: 143/185 = 77.3%
05:44:18 |   Draw: 96/138 = 69.6%
05:44:18 | Training time: 18.14 minutes
05:44:18 | Model saved to models/temporal_predictor_k3_N10_75min.pt
05:44:18 | Scalers saved to models/scalers_k3_N10_75min.pkl
05:44:18 | Test data saved to models/test_data_k3_N10_75min.pt
05:44:18 | Config saved to models/config_k3_N10_75min.pkl
