03:59:39 | Device: cuda
03:59:39 | Config: pred_min=60, k=2, intervals=Fixed N=5, hidden=128
03:59:39 | Training: epochs=300, lr=0.001, batch=64, patience=50
03:59:39 | ============================================================
03:59:39 | [1/6] Loading cache...
04:00:15 | Cache loaded: 2806 matches
04:00:15 | [2/6] Processing matches (temporal windows)...
04:09:10 | Processed 2806/2806 matches (0 failed)
04:09:10 | Class distribution: Home=1195 (42.6%) Away=924 (32.9%) Draw=687 (24.5%)
04:09:10 | [3/6] Splitting data (stratified, BEFORE scaling)...
04:09:10 | Split: Train=1683 Val=561 Test=562
04:09:10 | [4/6] Fitting scalers on TRAINING data only...
04:09:10 | Scalers fitted: cum_node, int_node, cum_ingame, int_ingame
04:09:13 | Scalers applied to train/val/test sets
04:09:13 | [5/6] Creating DataLoaders...
04:09:13 | [6/6] Creating model...
04:09:13 | Model parameters: 185,219
04:09:13 | Class weights: [0.7824267745018005, 1.012635350227356, 1.3616504669189453]
04:09:13 | ============================================================
04:09:13 | TRAINING START
04:09:13 | ============================================================
04:09:16 | Epoch    1 | Loss: 1.1100 | Train: 0.6643 | Val: 0.6595 | Best: 0.6595 | LR: 0.000990 | Pred: H=267 A=288 D=6
04:09:39 | Epoch   10 | Loss: 0.5122 | Train: 0.8128 | Val: 0.7736 | Best: 0.7879 | LR: 0.000904 | Pred: H=204 A=154 D=203
04:10:03 | Epoch   20 | Loss: 0.4781 | Train: 0.8348 | Val: 0.7683 | Best: 0.7879 | LR: 0.000818 | Pred: H=218 A=147 D=196
04:10:29 | Epoch   30 | Loss: 0.4615 | Train: 0.8431 | Val: 0.7772 | Best: 0.7879 | LR: 0.000740 | Pred: H=256 A=170 D=135
04:10:53 | Epoch   40 | Loss: 0.4439 | Train: 0.8467 | Val: 0.7807 | Best: 0.7879 | LR: 0.000669 | Pred: H=212 A=176 D=173
04:11:17 | Epoch   50 | Loss: 0.4192 | Train: 0.8473 | Val: 0.7718 | Best: 0.7879 | LR: 0.000605 | Pred: H=213 A=172 D=176
04:11:25 | Early stopping at epoch 54
04:11:25 | ============================================================
04:11:25 | FINAL EVALUATION
04:11:25 | ============================================================
04:11:25 | Test Accuracy: 0.7669
04:11:25 | Best Val Accuracy: 0.7879
04:11:25 |   Home Win: 200/239 = 83.7%
04:11:25 |   Away Win: 142/185 = 76.8%
04:11:25 |   Draw: 89/138 = 64.5%
04:11:25 | Training time: 11.77 minutes
04:11:25 | Model saved to models/temporal_predictor_k2_N5_60min.pt
04:11:25 | Scalers saved to models/scalers_k2_N5_60min.pkl
04:11:26 | Test data saved to models/test_data_k2_N5_60min.pt
04:11:26 | Config saved to models/config_k2_N5_60min.pkl
