05:10:22 | Device: cuda
05:10:22 | Config: pred_min=75, k=3, intervals=Fixed N=5, hidden=128
05:10:22 | Training: epochs=300, lr=0.001, batch=64, patience=50
05:10:22 | ============================================================
05:10:22 | [1/6] Loading cache...
05:10:58 | Cache loaded: 2806 matches
05:10:58 | [2/6] Processing matches (temporal windows)...
05:22:41 | Processed 2806/2806 matches (0 failed)
05:22:41 | Class distribution: Home=1195 (42.6%) Away=924 (32.9%) Draw=687 (24.5%)
05:22:41 | [3/6] Splitting data (stratified, BEFORE scaling)...
05:22:41 | Split: Train=1683 Val=561 Test=562
05:22:41 | [4/6] Fitting scalers on TRAINING data only...
05:22:41 | Scalers fitted: cum_node, int_node, cum_ingame, int_ingame
05:22:45 | Scalers applied to train/val/test sets
05:22:45 | [5/6] Creating DataLoaders...
05:22:45 | [6/6] Creating model...
05:22:45 | Model parameters: 223,619
05:22:45 | Class weights: [0.7824267745018005, 1.012635350227356, 1.3616504669189453]
05:22:45 | ============================================================
05:22:45 | TRAINING START
05:22:45 | ============================================================
05:22:49 | Epoch    1 | Loss: 1.1403 | Train: 0.4516 | Val: 0.4456 | Best: 0.4456 | LR: 0.000990 | Pred: H=506 A=4 D=51
05:23:24 | Epoch   10 | Loss: 0.5101 | Train: 0.8360 | Val: 0.7825 | Best: 0.7861 | LR: 0.000904 | Pred: H=225 A=174 D=162
05:24:00 | Epoch   20 | Loss: 0.4757 | Train: 0.8408 | Val: 0.7558 | Best: 0.7861 | LR: 0.000818 | Pred: H=217 A=160 D=184
05:24:33 | Epoch   30 | Loss: 0.4399 | Train: 0.8497 | Val: 0.7504 | Best: 0.7861 | LR: 0.000740 | Pred: H=216 A=161 D=184
05:25:06 | Epoch   40 | Loss: 0.4207 | Train: 0.8687 | Val: 0.7665 | Best: 0.7861 | LR: 0.000669 | Pred: H=228 A=192 D=141
05:25:40 | Epoch   50 | Loss: 0.4043 | Train: 0.8740 | Val: 0.7540 | Best: 0.7861 | LR: 0.000605 | Pred: H=234 A=185 D=142
05:26:07 | Early stopping at epoch 58
05:26:07 | ============================================================
05:26:07 | FINAL EVALUATION
05:26:07 | ============================================================
05:26:07 | Test Accuracy: 0.7811
05:26:07 | Best Val Accuracy: 0.7861
05:26:08 |   Home Win: 195/239 = 81.6%
05:26:08 |   Away Win: 138/185 = 74.6%
05:26:08 |   Draw: 106/138 = 76.8%
05:26:08 | Training time: 15.76 minutes
05:26:08 | Model saved to models/temporal_predictor_k3_N5_75min.pt
05:26:08 | Scalers saved to models/scalers_k3_N5_75min.pkl
05:26:08 | Test data saved to models/test_data_k3_N5_75min.pt
05:26:08 | Config saved to models/config_k3_N5_75min.pkl
