06:11:18 | Device: cuda
06:11:18 | Config: pred_min=45, k=4, intervals=Fixed N=5, hidden=128
06:11:18 | Training: epochs=300, lr=0.001, batch=64, patience=50
06:11:18 | ============================================================
06:11:18 | [1/6] Loading cache...
06:11:32 | Cache loaded: 2806 matches
06:11:32 | [2/6] Processing matches (temporal windows)...
06:24:50 | Processed 2806/2806 matches (0 failed)
06:24:50 | Class distribution: Home=1195 (42.6%) Away=924 (32.9%) Draw=687 (24.5%)
06:24:50 | [3/6] Splitting data (stratified, BEFORE scaling)...
06:24:50 | Split: Train=1683 Val=561 Test=562
06:24:50 | [4/6] Fitting scalers on TRAINING data only...
06:24:50 | Scalers fitted: cum_node, int_node, cum_ingame, int_ingame
06:24:54 | Scalers applied to train/val/test sets
06:24:54 | [5/6] Creating DataLoaders...
06:24:54 | [6/6] Creating model...
06:24:54 | Model parameters: 262,019
06:24:54 | Class weights: [0.7824267745018005, 1.012635350227356, 1.3616504669189453]
06:24:54 | ============================================================
06:24:54 | TRAINING START
06:24:54 | ============================================================
06:24:58 | Epoch    1 | Loss: 1.1903 | Train: 0.2822 | Val: 0.2620 | Best: 0.2620 | LR: 0.000990 | Pred: H=14 A=0 D=547
06:25:26 | Epoch   10 | Loss: 0.4857 | Train: 0.8241 | Val: 0.7380 | Best: 0.7701 | LR: 0.000904 | Pred: H=210 A=152 D=199
06:25:59 | Epoch   20 | Loss: 0.4393 | Train: 0.8509 | Val: 0.7308 | Best: 0.7701 | LR: 0.000818 | Pred: H=241 A=148 D=172
06:26:35 | Epoch   30 | Loss: 0.4131 | Train: 0.8669 | Val: 0.7308 | Best: 0.7701 | LR: 0.000740 | Pred: H=227 A=170 D=164
06:27:12 | Epoch   40 | Loss: 0.3940 | Train: 0.8782 | Val: 0.7344 | Best: 0.7701 | LR: 0.000669 | Pred: H=235 A=184 D=142
06:27:48 | Epoch   50 | Loss: 0.3810 | Train: 0.8818 | Val: 0.7237 | Best: 0.7701 | LR: 0.000605 | Pred: H=237 A=170 D=154
06:28:06 | Early stopping at epoch 55
06:28:06 | ============================================================
06:28:06 | FINAL EVALUATION
06:28:06 | ============================================================
06:28:06 | Test Accuracy: 0.7687
06:28:06 | Best Val Accuracy: 0.7701
06:28:06 |   Home Win: 196/239 = 82.0%
06:28:06 |   Away Win: 149/185 = 80.5%
06:28:06 |   Draw: 87/138 = 63.0%
06:28:06 | Training time: 16.81 minutes
06:28:06 | Model saved to models/temporal_predictor_k4_N5_45min.pt
06:28:06 | Scalers saved to models/scalers_k4_N5_45min.pkl
06:28:07 | Test data saved to models/test_data_k4_N5_45min.pt
06:28:07 | Config saved to models/config_k4_N5_45min.pkl
