04:53:23 | Device: cuda
04:53:23 | Config: pred_min=75, k=3, intervals=Fixed N=3, hidden=128
04:53:23 | Training: epochs=300, lr=0.001, batch=64, patience=50
04:53:23 | ============================================================
04:53:23 | [1/6] Loading cache...
04:54:06 | Cache loaded: 2806 matches
04:54:06 | [2/6] Processing matches (temporal windows)...
05:05:32 | Processed 2806/2806 matches (0 failed)
05:05:32 | Class distribution: Home=1195 (42.6%) Away=924 (32.9%) Draw=687 (24.5%)
05:05:32 | [3/6] Splitting data (stratified, BEFORE scaling)...
05:05:32 | Split: Train=1683 Val=561 Test=562
05:05:32 | [4/6] Fitting scalers on TRAINING data only...
05:05:33 | Scalers fitted: cum_node, int_node, cum_ingame, int_ingame
05:05:36 | Scalers applied to train/val/test sets
05:05:36 | [5/6] Creating DataLoaders...
05:05:36 | [6/6] Creating model...
05:05:36 | Model parameters: 223,619
05:05:36 | Class weights: [0.7824267745018005, 1.012635350227356, 1.3616504669189453]
05:05:36 | ============================================================
05:05:36 | TRAINING START
05:05:36 | ============================================================
05:05:41 | Epoch    1 | Loss: 1.1347 | Train: 0.6696 | Val: 0.6488 | Best: 0.6488 | LR: 0.000990 | Pred: H=313 A=243 D=5
05:06:16 | Epoch   10 | Loss: 0.5052 | Train: 0.8360 | Val: 0.7647 | Best: 0.7736 | LR: 0.000904 | Pred: H=216 A=167 D=178
05:06:54 | Epoch   20 | Loss: 0.4682 | Train: 0.8520 | Val: 0.7647 | Best: 0.7790 | LR: 0.000818 | Pred: H=215 A=174 D=172
05:07:34 | Epoch   30 | Loss: 0.4442 | Train: 0.8627 | Val: 0.7576 | Best: 0.7790 | LR: 0.000740 | Pred: H=217 A=178 D=166
05:08:06 | Epoch   40 | Loss: 0.4125 | Train: 0.8717 | Val: 0.7611 | Best: 0.7825 | LR: 0.000669 | Pred: H=249 A=163 D=149
05:08:38 | Epoch   50 | Loss: 0.3959 | Train: 0.8770 | Val: 0.7701 | Best: 0.7825 | LR: 0.000605 | Pred: H=240 A=183 D=138
05:09:07 | Epoch   60 | Loss: 0.3871 | Train: 0.8770 | Val: 0.7487 | Best: 0.7825 | LR: 0.000547 | Pred: H=219 A=170 D=172
05:09:35 | Epoch   70 | Loss: 0.3900 | Train: 0.8758 | Val: 0.7611 | Best: 0.7825 | LR: 0.000495 | Pred: H=213 A=187 D=161
05:10:02 | Epoch   80 | Loss: 0.3760 | Train: 0.8871 | Val: 0.7611 | Best: 0.7825 | LR: 0.000448 | Pred: H=229 A=166 D=166
05:10:20 | Early stopping at epoch 86
05:10:20 | ============================================================
05:10:20 | FINAL EVALUATION
05:10:20 | ============================================================
05:10:20 | Test Accuracy: 0.7829
05:10:20 | Best Val Accuracy: 0.7825
05:10:20 |   Home Win: 195/239 = 81.6%
05:10:20 |   Away Win: 153/185 = 82.7%
05:10:20 |   Draw: 92/138 = 66.7%
05:10:20 | Training time: 16.95 minutes
05:10:20 | Model saved to models/temporal_predictor_k3_N3_75min.pt
05:10:20 | Scalers saved to models/scalers_k3_N3_75min.pkl
05:10:21 | Test data saved to models/test_data_k3_N3_75min.pt
05:10:21 | Config saved to models/config_k3_N3_75min.pkl
