03:29:47 | Device: cuda
03:29:47 | Config: pred_min=45, k=2, intervals=Fixed N=1, hidden=128
03:29:47 | Training: epochs=300, lr=0.001, batch=64, patience=50
03:29:47 | ============================================================
03:29:47 | [1/6] Loading cache...
03:30:16 | Cache loaded: 2806 matches
03:30:16 | [2/6] Processing matches (temporal windows)...
03:38:04 | Processed 2806/2806 matches (0 failed)
03:38:05 | Class distribution: Home=1195 (42.6%) Away=924 (32.9%) Draw=687 (24.5%)
03:38:05 | [3/6] Splitting data (stratified, BEFORE scaling)...
03:38:05 | Split: Train=1683 Val=561 Test=562
03:38:05 | [4/6] Fitting scalers on TRAINING data only...
03:38:05 | Scalers fitted: cum_node, int_node, cum_ingame, int_ingame
03:38:08 | Scalers applied to train/val/test sets
03:38:08 | [5/6] Creating DataLoaders...
03:38:08 | [6/6] Creating model...
03:38:08 | Model parameters: 185,219
03:38:08 | Class weights: [0.7824267745018005, 1.012635350227356, 1.3616504669189453]
03:38:08 | ============================================================
03:38:08 | TRAINING START
03:38:08 | ============================================================
03:38:10 | Epoch    1 | Loss: 1.1346 | Train: 0.6138 | Val: 0.5419 | Best: 0.5419 | LR: 0.000990 | Pred: H=166 A=307 D=88
03:38:29 | Epoch   10 | Loss: 0.5334 | Train: 0.8223 | Val: 0.7701 | Best: 0.7790 | LR: 0.000904 | Pred: H=216 A=179 D=166
03:38:50 | Epoch   20 | Loss: 0.4863 | Train: 0.8366 | Val: 0.7701 | Best: 0.7807 | LR: 0.000818 | Pred: H=214 A=185 D=162
03:39:12 | Epoch   30 | Loss: 0.4742 | Train: 0.8283 | Val: 0.7433 | Best: 0.7807 | LR: 0.000740 | Pred: H=219 A=146 D=196
03:39:32 | Epoch   40 | Loss: 0.4556 | Train: 0.8277 | Val: 0.7362 | Best: 0.7807 | LR: 0.000669 | Pred: H=210 A=150 D=201
03:39:54 | Epoch   50 | Loss: 0.4351 | Train: 0.8532 | Val: 0.7415 | Best: 0.7807 | LR: 0.000605 | Pred: H=226 A=185 D=150
03:40:16 | Epoch   60 | Loss: 0.4420 | Train: 0.8538 | Val: 0.7291 | Best: 0.7807 | LR: 0.000547 | Pred: H=223 A=162 D=176
03:40:25 | Early stopping at epoch 64
03:40:25 | ============================================================
03:40:25 | FINAL EVALUATION
03:40:25 | ============================================================
03:40:25 | Test Accuracy: 0.7722
03:40:25 | Best Val Accuracy: 0.7807
03:40:26 |   Home Win: 195/239 = 81.6%
03:40:26 |   Away Win: 148/185 = 80.0%
03:40:26 |   Draw: 91/138 = 65.9%
03:40:26 | Training time: 10.64 minutes
03:40:26 | Model saved to models/temporal_predictor_k2_N1_45min.pt
03:40:26 | Scalers saved to models/scalers_k2_N1_45min.pkl
03:40:26 | Test data saved to models/test_data_k2_N1_45min.pt
03:40:26 | Config saved to models/config_k2_N1_45min.pkl
