03:51:16 | Device: cuda
03:51:16 | Config: pred_min=45, k=2, intervals=Fixed N=5, hidden=128
03:51:16 | Training: epochs=300, lr=0.001, batch=64, patience=50
03:51:16 | ============================================================
03:51:16 | [1/6] Loading cache...
03:51:45 | Cache loaded: 2806 matches
03:51:45 | [2/6] Processing matches (temporal windows)...
04:00:15 | Processed 2806/2806 matches (0 failed)
04:00:15 | Class distribution: Home=1195 (42.6%) Away=924 (32.9%) Draw=687 (24.5%)
04:00:15 | [3/6] Splitting data (stratified, BEFORE scaling)...
04:00:15 | Split: Train=1683 Val=561 Test=562
04:00:15 | [4/6] Fitting scalers on TRAINING data only...
04:00:15 | Scalers fitted: cum_node, int_node, cum_ingame, int_ingame
04:00:18 | Scalers applied to train/val/test sets
04:00:18 | [5/6] Creating DataLoaders...
04:00:18 | [6/6] Creating model...
04:00:18 | Model parameters: 185,219
04:00:18 | Class weights: [0.7824267745018005, 1.012635350227356, 1.3616504669189453]
04:00:18 | ============================================================
04:00:18 | TRAINING START
04:00:18 | ============================================================
04:00:21 | Epoch    1 | Loss: 1.1281 | Train: 0.4736 | Val: 0.4848 | Best: 0.4848 | LR: 0.000990 | Pred: H=84 A=434 D=43
04:00:43 | Epoch   10 | Loss: 0.5180 | Train: 0.8194 | Val: 0.7611 | Best: 0.7683 | LR: 0.000904 | Pred: H=217 A=182 D=162
04:01:08 | Epoch   20 | Loss: 0.4776 | Train: 0.8164 | Val: 0.7184 | Best: 0.7718 | LR: 0.000818 | Pred: H=205 A=145 D=211
04:01:32 | Epoch   30 | Loss: 0.4612 | Train: 0.8402 | Val: 0.7291 | Best: 0.7718 | LR: 0.000740 | Pred: H=215 A=163 D=183
04:01:52 | Epoch   40 | Loss: 0.4296 | Train: 0.8467 | Val: 0.7398 | Best: 0.7718 | LR: 0.000669 | Pred: H=221 A=200 D=140
04:02:15 | Epoch   50 | Loss: 0.4380 | Train: 0.8568 | Val: 0.7308 | Best: 0.7718 | LR: 0.000605 | Pred: H=234 A=190 D=137
04:02:37 | Epoch   60 | Loss: 0.4275 | Train: 0.8592 | Val: 0.7201 | Best: 0.7718 | LR: 0.000547 | Pred: H=243 A=178 D=140
04:02:39 | Early stopping at epoch 61
04:02:39 | ============================================================
04:02:39 | FINAL EVALUATION
04:02:39 | ============================================================
04:02:39 | Test Accuracy: 0.7580
04:02:39 | Best Val Accuracy: 0.7718
04:02:39 |   Home Win: 196/239 = 82.0%
04:02:39 |   Away Win: 157/185 = 84.9%
04:02:39 |   Draw: 73/138 = 52.9%
04:02:39 | Training time: 11.38 minutes
04:02:39 | Model saved to models/temporal_predictor_k2_N5_45min.pt
04:02:39 | Scalers saved to models/scalers_k2_N5_45min.pkl
04:02:40 | Test data saved to models/test_data_k2_N5_45min.pt
04:02:40 | Config saved to models/config_k2_N5_45min.pkl
