04:11:27 | Device: cuda
04:11:27 | Config: pred_min=60, k=2, intervals=Fixed N=10, hidden=128
04:11:27 | Training: epochs=300, lr=0.001, batch=64, patience=50
04:11:27 | ============================================================
04:11:27 | [1/6] Loading cache...
04:12:07 | Cache loaded: 2806 matches
04:12:07 | [2/6] Processing matches (temporal windows)...
04:21:13 | Processed 2806/2806 matches (0 failed)
04:21:13 | Class distribution: Home=1195 (42.6%) Away=924 (32.9%) Draw=687 (24.5%)
04:21:13 | [3/6] Splitting data (stratified, BEFORE scaling)...
04:21:13 | Split: Train=1683 Val=561 Test=562
04:21:13 | [4/6] Fitting scalers on TRAINING data only...
04:21:13 | Scalers fitted: cum_node, int_node, cum_ingame, int_ingame
04:21:16 | Scalers applied to train/val/test sets
04:21:16 | [5/6] Creating DataLoaders...
04:21:16 | [6/6] Creating model...
04:21:16 | Model parameters: 185,219
04:21:16 | Class weights: [0.7824267745018005, 1.012635350227356, 1.3616504669189453]
04:21:16 | ============================================================
04:21:16 | TRAINING START
04:21:16 | ============================================================
04:21:18 | Epoch    1 | Loss: 1.1561 | Train: 0.4593 | Val: 0.4456 | Best: 0.4456 | LR: 0.000990 | Pred: H=456 A=0 D=105
04:21:39 | Epoch   10 | Loss: 0.5132 | Train: 0.8134 | Val: 0.7701 | Best: 0.7861 | LR: 0.000904 | Pred: H=219 A=153 D=189
04:22:04 | Epoch   20 | Loss: 0.4679 | Train: 0.8390 | Val: 0.7754 | Best: 0.7861 | LR: 0.000818 | Pred: H=220 A=174 D=167
04:22:29 | Epoch   30 | Loss: 0.4610 | Train: 0.8396 | Val: 0.7665 | Best: 0.7897 | LR: 0.000740 | Pred: H=221 A=172 D=168
04:22:54 | Epoch   40 | Loss: 0.4444 | Train: 0.8461 | Val: 0.7683 | Best: 0.7897 | LR: 0.000669 | Pred: H=218 A=173 D=170
04:23:18 | Epoch   50 | Loss: 0.4231 | Train: 0.8491 | Val: 0.7611 | Best: 0.7897 | LR: 0.000605 | Pred: H=213 A=177 D=171
04:23:44 | Epoch   60 | Loss: 0.4288 | Train: 0.8592 | Val: 0.7629 | Best: 0.7897 | LR: 0.000547 | Pred: H=229 A=190 D=142
04:24:13 | Epoch   70 | Loss: 0.4101 | Train: 0.8544 | Val: 0.7611 | Best: 0.7897 | LR: 0.000495 | Pred: H=217 A=178 D=166
04:24:34 | Early stopping at epoch 79
04:24:34 | ============================================================
04:24:34 | FINAL EVALUATION
04:24:34 | ============================================================
04:24:35 | Test Accuracy: 0.7633
04:24:35 | Best Val Accuracy: 0.7897
04:24:35 |   Home Win: 197/239 = 82.4%
04:24:35 |   Away Win: 142/185 = 76.8%
04:24:35 |   Draw: 90/138 = 65.2%
04:24:35 | Training time: 13.14 minutes
04:24:35 | Model saved to models/temporal_predictor_k2_N10_60min.pt
04:24:35 | Scalers saved to models/scalers_k2_N10_60min.pkl
04:24:35 | Test data saved to models/test_data_k2_N10_60min.pt
04:24:35 | Config saved to models/config_k2_N10_60min.pkl
